mode: set
github.com/vmware/vic/lib/portlayer/network/endpoint.go:45.36,47.41 1 1
github.com/vmware/vic/lib/portlayer/network/endpoint.go:53.2,53.86 1 1
github.com/vmware/vic/lib/portlayer/network/endpoint.go:47.41,48.24 1 1
github.com/vmware/vic/lib/portlayer/network/endpoint.go:48.24,50.4 1 1
github.com/vmware/vic/lib/portlayer/network/endpoint.go:56.93,66.45 2 1
github.com/vmware/vic/lib/portlayer/network/endpoint.go:71.2,71.10 1 1
github.com/vmware/vic/lib/portlayer/network/endpoint.go:66.45,69.3 2 1
github.com/vmware/vic/lib/portlayer/network/endpoint.go:74.70,75.24 1 1
github.com/vmware/vic/lib/portlayer/network/endpoint.go:83.2,83.12 1 0
github.com/vmware/vic/lib/portlayer/network/endpoint.go:75.24,76.14 1 1
github.com/vmware/vic/lib/portlayer/network/endpoint.go:80.3,80.39 1 1
github.com/vmware/vic/lib/portlayer/network/endpoint.go:76.14,77.12 1 1
github.com/vmware/vic/lib/portlayer/network/endpoint.go:86.42,87.29 1 0
github.com/vmware/vic/lib/portlayer/network/endpoint.go:91.2,92.12 2 0
github.com/vmware/vic/lib/portlayer/network/endpoint.go:87.29,89.3 1 0
github.com/vmware/vic/lib/portlayer/network/endpoint.go:95.32,97.2 1 1
github.com/vmware/vic/lib/portlayer/network/endpoint.go:99.35,101.2 1 1
github.com/vmware/vic/lib/portlayer/network/endpoint.go:103.40,105.2 1 1
github.com/vmware/vic/lib/portlayer/network/endpoint.go:107.43,109.2 1 1
github.com/vmware/vic/lib/portlayer/network/endpoint.go:111.33,113.2 1 1
github.com/vmware/vic/lib/portlayer/network/endpoint.go:115.34,117.2 1 1
github.com/vmware/vic/lib/portlayer/network/endpoint.go:119.37,121.2 1 1
github.com/vmware/vic/lib/portlayer/network/endpoint.go:123.35,126.25 3 0
github.com/vmware/vic/lib/portlayer/network/endpoint.go:131.2,131.14 1 0
github.com/vmware/vic/lib/portlayer/network/endpoint.go:126.25,129.3 2 0
github.com/vmware/vic/lib/portlayer/network/endpoint.go:134.58,135.13 1 1
github.com/vmware/vic/lib/portlayer/network/endpoint.go:139.2,139.15 1 1
github.com/vmware/vic/lib/portlayer/network/endpoint.go:143.2,144.29 2 1
github.com/vmware/vic/lib/portlayer/network/endpoint.go:151.2,157.18 3 1
github.com/vmware/vic/lib/portlayer/network/endpoint.go:135.13,137.3 1 0
github.com/vmware/vic/lib/portlayer/network/endpoint.go:139.15,141.3 1 0
github.com/vmware/vic/lib/portlayer/network/endpoint.go:144.29,145.19 1 1
github.com/vmware/vic/lib/portlayer/network/endpoint.go:145.19,148.4 1 1
github.com/vmware/vic/lib/portlayer/network/endpoint.go:160.51,161.15 1 1
github.com/vmware/vic/lib/portlayer/network/endpoint.go:165.2,165.23 1 1
github.com/vmware/vic/lib/portlayer/network/endpoint.go:161.15,163.3 1 1
github.com/vmware/vic/lib/portlayer/network/endpoint.go:168.37,172.25 4 1
github.com/vmware/vic/lib/portlayer/network/endpoint.go:176.2,176.14 1 1
github.com/vmware/vic/lib/portlayer/network/endpoint.go:172.25,174.3 1 1
github.com/vmware/vic/lib/portlayer/network/network.go:55.48,57.2 1 0
github.com/vmware/vic/lib/portlayer/network/network.go:59.119,62.29 2 0
github.com/vmware/vic/lib/portlayer/network/network.go:116.2,116.24 1 0
github.com/vmware/vic/lib/portlayer/network/network.go:62.29,64.16 2 0
github.com/vmware/vic/lib/portlayer/network/network.go:68.3,77.47 8 0
github.com/vmware/vic/lib/portlayer/network/network.go:94.3,95.17 2 0
github.com/vmware/vic/lib/portlayer/network/network.go:99.3,101.17 3 0
github.com/vmware/vic/lib/portlayer/network/network.go:105.3,106.56 2 0
github.com/vmware/vic/lib/portlayer/network/network.go:110.3,110.77 1 0
github.com/vmware/vic/lib/portlayer/network/network.go:64.16,66.4 1 0
github.com/vmware/vic/lib/portlayer/network/network.go:77.47,79.31 2 0
github.com/vmware/vic/lib/portlayer/network/network.go:83.4,84.59 2 0
github.com/vmware/vic/lib/portlayer/network/network.go:90.4,90.55 1 0
github.com/vmware/vic/lib/portlayer/network/network.go:79.31,81.5 1 0
github.com/vmware/vic/lib/portlayer/network/network.go:84.59,87.13 3 0
github.com/vmware/vic/lib/portlayer/network/network.go:95.17,97.4 1 0
github.com/vmware/vic/lib/portlayer/network/network.go:101.17,103.4 1 0
github.com/vmware/vic/lib/portlayer/network/network.go:106.56,108.4 1 0
github.com/vmware/vic/lib/portlayer/network/network.go:110.77,113.4 2 0
github.com/vmware/vic/lib/portlayer/network/network.go:120.52,121.21 1 0
github.com/vmware/vic/lib/portlayer/network/network.go:141.2,141.8 1 0
github.com/vmware/vic/lib/portlayer/network/network.go:122.2,124.20 2 0
github.com/vmware/vic/lib/portlayer/network/network.go:128.3,129.59 2 0
github.com/vmware/vic/lib/portlayer/network/network.go:135.3,136.71 2 0
github.com/vmware/vic/lib/portlayer/network/network.go:124.20,127.4 2 0
github.com/vmware/vic/lib/portlayer/network/network.go:129.59,132.4 2 0
github.com/vmware/vic/lib/portlayer/network/network.go:136.71,138.4 1 0
github.com/vmware/vic/lib/portlayer/network/network.go:148.87,159.15 4 0
github.com/vmware/vic/lib/portlayer/network/network.go:163.2,165.49 3 0
github.com/vmware/vic/lib/portlayer/network/network.go:169.2,169.15 1 0
github.com/vmware/vic/lib/portlayer/network/network.go:175.2,175.52 1 0
github.com/vmware/vic/lib/portlayer/network/network.go:212.2,212.12 1 0
github.com/vmware/vic/lib/portlayer/network/network.go:159.15,161.3 1 0
github.com/vmware/vic/lib/portlayer/network/network.go:165.49,167.3 1 0
github.com/vmware/vic/lib/portlayer/network/network.go:169.15,170.17 1 0
github.com/vmware/vic/lib/portlayer/network/network.go:170.17,172.4 1 0
github.com/vmware/vic/lib/portlayer/network/network.go:175.52,181.44 4 0
github.com/vmware/vic/lib/portlayer/network/network.go:205.3,205.44 1 0
github.com/vmware/vic/lib/portlayer/network/network.go:181.44,184.18 3 0
github.com/vmware/vic/lib/portlayer/network/network.go:190.4,190.18 1 0
github.com/vmware/vic/lib/portlayer/network/network.go:194.4,195.36 2 0
github.com/vmware/vic/lib/portlayer/network/network.go:199.4,200.139 2 0
github.com/vmware/vic/lib/portlayer/network/network.go:184.18,185.50 1 0
github.com/vmware/vic/lib/portlayer/network/network.go:185.50,187.6 1 0
github.com/vmware/vic/lib/portlayer/network/network.go:190.18,191.13 1 0
github.com/vmware/vic/lib/portlayer/network/network.go:195.36,197.5 1 0
github.com/vmware/vic/lib/portlayer/network/network.go:200.139,202.5 1 0
github.com/vmware/vic/lib/portlayer/network/network.go:205.44,206.52 1 0
github.com/vmware/vic/lib/portlayer/network/network.go:206.52,208.5 1 0
github.com/vmware/vic/lib/portlayer/network/network.go:215.57,218.16 2 0
github.com/vmware/vic/lib/portlayer/network/network.go:223.2,223.18 1 0
github.com/vmware/vic/lib/portlayer/network/network.go:218.16,221.3 1 0
github.com/vmware/vic/lib/portlayer/network/scope.go:46.31,51.2 3 1
github.com/vmware/vic/lib/portlayer/network/scope.go:53.30,58.2 3 1
github.com/vmware/vic/lib/portlayer/network/scope.go:60.31,65.2 3 1
github.com/vmware/vic/lib/portlayer/network/scope.go:67.51,72.2 3 1
github.com/vmware/vic/lib/portlayer/network/scope.go:74.34,76.2 1 1
github.com/vmware/vic/lib/portlayer/network/scope.go:78.37,83.2 3 1
github.com/vmware/vic/lib/portlayer/network/scope.go:85.37,87.26 2 1
github.com/vmware/vic/lib/portlayer/network/scope.go:101.2,101.14 1 1
github.com/vmware/vic/lib/portlayer/network/scope.go:87.26,89.24 2 1
github.com/vmware/vic/lib/portlayer/network/scope.go:98.3,98.21 1 1
github.com/vmware/vic/lib/portlayer/network/scope.go:89.24,91.16 2 1
github.com/vmware/vic/lib/portlayer/network/scope.go:94.4,95.12 2 1
github.com/vmware/vic/lib/portlayer/network/scope.go:91.16,92.13 1 0
github.com/vmware/vic/lib/portlayer/network/scope.go:104.54,105.19 1 1
github.com/vmware/vic/lib/portlayer/network/scope.go:110.2,111.29 2 1
github.com/vmware/vic/lib/portlayer/network/scope.go:125.2,125.12 1 1
github.com/vmware/vic/lib/portlayer/network/scope.go:105.19,107.3 1 0
github.com/vmware/vic/lib/portlayer/network/scope.go:111.29,112.32 1 1
github.com/vmware/vic/lib/portlayer/network/scope.go:112.32,113.44 1 1
github.com/vmware/vic/lib/portlayer/network/scope.go:113.44,115.5 1 1
github.com/vmware/vic/lib/portlayer/network/scope.go:116.4,118.49 2 1
github.com/vmware/vic/lib/portlayer/network/scope.go:118.49,121.5 2 1
github.com/vmware/vic/lib/portlayer/network/scope.go:128.54,129.19 1 1
github.com/vmware/vic/lib/portlayer/network/scope.go:133.2,133.29 1 1
github.com/vmware/vic/lib/portlayer/network/scope.go:142.2,142.56 1 0
github.com/vmware/vic/lib/portlayer/network/scope.go:129.19,131.3 1 0
github.com/vmware/vic/lib/portlayer/network/scope.go:133.29,134.44 1 1
github.com/vmware/vic/lib/portlayer/network/scope.go:134.44,135.17 1 1
github.com/vmware/vic/lib/portlayer/network/scope.go:138.4,138.14 1 1
github.com/vmware/vic/lib/portlayer/network/scope.go:135.17,137.5 1 1
github.com/vmware/vic/lib/portlayer/network/scope.go:145.65,149.16 3 1
github.com/vmware/vic/lib/portlayer/network/scope.go:153.2,154.8 2 1
github.com/vmware/vic/lib/portlayer/network/scope.go:158.2,158.47 1 1
github.com/vmware/vic/lib/portlayer/network/scope.go:162.2,165.12 4 1
github.com/vmware/vic/lib/portlayer/network/scope.go:149.16,151.3 1 1
github.com/vmware/vic/lib/portlayer/network/scope.go:154.8,156.3 1 1
github.com/vmware/vic/lib/portlayer/network/scope.go:158.47,160.3 1 1
github.com/vmware/vic/lib/portlayer/network/scope.go:168.55,173.21 4 1
github.com/vmware/vic/lib/portlayer/network/scope.go:177.2,178.14 2 1
github.com/vmware/vic/lib/portlayer/network/scope.go:182.2,182.47 1 1
github.com/vmware/vic/lib/portlayer/network/scope.go:186.2,189.12 4 1
github.com/vmware/vic/lib/portlayer/network/scope.go:173.21,175.3 1 1
github.com/vmware/vic/lib/portlayer/network/scope.go:178.14,180.3 1 0
github.com/vmware/vic/lib/portlayer/network/scope.go:182.47,184.3 1 0
github.com/vmware/vic/lib/portlayer/network/scope.go:192.43,198.33 5 1
github.com/vmware/vic/lib/portlayer/network/scope.go:203.2,203.19 1 1
github.com/vmware/vic/lib/portlayer/network/scope.go:198.33,201.3 2 0
github.com/vmware/vic/lib/portlayer/network/scope.go:206.50,210.35 3 1
github.com/vmware/vic/lib/portlayer/network/scope.go:214.2,214.12 1 1
github.com/vmware/vic/lib/portlayer/network/scope.go:210.35,212.3 1 1
github.com/vmware/vic/lib/portlayer/network/scope.go:217.56,221.41 3 0
github.com/vmware/vic/lib/portlayer/network/scope.go:225.2,225.32 1 0
github.com/vmware/vic/lib/portlayer/network/scope.go:231.2,231.12 1 0
github.com/vmware/vic/lib/portlayer/network/scope.go:221.41,223.3 1 0
github.com/vmware/vic/lib/portlayer/network/scope.go:225.32,226.25 1 0
github.com/vmware/vic/lib/portlayer/network/scope.go:226.25,228.4 1 0
github.com/vmware/vic/lib/portlayer/network/scope.go:234.41,241.2 5 1
github.com/vmware/vic/lib/portlayer/network/scope.go:243.37,248.2 3 1
github.com/vmware/vic/lib/portlayer/network/scope.go:250.34,255.2 3 1
github.com/vmware/vic/lib/portlayer/network/scope.go:257.32,262.2 3 1
github.com/vmware/vic/lib/portlayer/network/scope.go:264.47,268.20 3 0
github.com/vmware/vic/lib/portlayer/network/scope.go:272.2,273.49 2 0
github.com/vmware/vic/lib/portlayer/network/scope.go:277.2,278.16 2 0
github.com/vmware/vic/lib/portlayer/network/scope.go:282.2,286.12 4 0
github.com/vmware/vic/lib/portlayer/network/scope.go:268.20,270.3 1 0
github.com/vmware/vic/lib/portlayer/network/scope.go:273.49,275.3 1 0
github.com/vmware/vic/lib/portlayer/network/scope.go:278.16,280.3 1 0
github.com/vmware/vic/lib/portlayer/network/scope.go:300.47,314.2 3 1
github.com/vmware/vic/lib/portlayer/network/scope.go:316.50,321.50 4 1
github.com/vmware/vic/lib/portlayer/network/scope.go:325.2,336.26 10 1
github.com/vmware/vic/lib/portlayer/network/scope.go:345.2,347.12 2 1
github.com/vmware/vic/lib/portlayer/network/scope.go:321.50,323.3 1 1
github.com/vmware/vic/lib/portlayer/network/scope.go:336.26,338.16 2 1
github.com/vmware/vic/lib/portlayer/network/scope.go:342.3,342.20 1 1
github.com/vmware/vic/lib/portlayer/network/scope.go:338.16,340.4 1 0
github.com/vmware/vic/lib/portlayer/network/scope.go:350.36,362.2 11 1
github.com/vmware/vic/lib/portlayer/network/context.go:73.84,76.19 2 1
github.com/vmware/vic/lib/portlayer/network/context.go:80.2,81.86 2 1
github.com/vmware/vic/lib/portlayer/network/context.go:89.2,90.50 2 1
github.com/vmware/vic/lib/portlayer/network/context.go:95.2,97.37 3 1
github.com/vmware/vic/lib/portlayer/network/context.go:101.2,111.14 3 1
github.com/vmware/vic/lib/portlayer/network/context.go:115.2,116.16 2 1
github.com/vmware/vic/lib/portlayer/network/context.go:119.2,123.50 3 1
github.com/vmware/vic/lib/portlayer/network/context.go:143.2,143.15 1 1
github.com/vmware/vic/lib/portlayer/network/context.go:180.2,180.17 1 1
github.com/vmware/vic/lib/portlayer/network/context.go:76.19,78.3 1 0
github.com/vmware/vic/lib/portlayer/network/context.go:81.86,84.17 3 1
github.com/vmware/vic/lib/portlayer/network/context.go:84.17,86.4 1 0
github.com/vmware/vic/lib/portlayer/network/context.go:90.50,93.3 2 1
github.com/vmware/vic/lib/portlayer/network/context.go:97.37,99.3 1 0
github.com/vmware/vic/lib/portlayer/network/context.go:111.14,113.3 1 0
github.com/vmware/vic/lib/portlayer/network/context.go:116.16,118.3 1 0
github.com/vmware/vic/lib/portlayer/network/context.go:123.50,124.37 1 1
github.com/vmware/vic/lib/portlayer/network/context.go:128.3,129.29 2 1
github.com/vmware/vic/lib/portlayer/network/context.go:133.3,135.17 3 1
github.com/vmware/vic/lib/portlayer/network/context.go:139.3,139.19 1 1
github.com/vmware/vic/lib/portlayer/network/context.go:124.37,125.12 1 1
github.com/vmware/vic/lib/portlayer/network/context.go:129.29,131.4 1 1
github.com/vmware/vic/lib/portlayer/network/context.go:135.17,137.4 1 0
github.com/vmware/vic/lib/portlayer/network/context.go:143.15,145.50 2 1
github.com/vmware/vic/lib/portlayer/network/context.go:145.50,147.4 1 1
github.com/vmware/vic/lib/portlayer/network/context.go:147.4,148.29 1 1
github.com/vmware/vic/lib/portlayer/network/context.go:148.29,152.46 2 1
github.com/vmware/vic/lib/portlayer/network/context.go:157.5,158.21 2 1
github.com/vmware/vic/lib/portlayer/network/context.go:165.5,166.18 2 1
github.com/vmware/vic/lib/portlayer/network/context.go:171.5,173.43 2 1
github.com/vmware/vic/lib/portlayer/network/context.go:152.46,154.14 2 1
github.com/vmware/vic/lib/portlayer/network/context.go:159.5,160.19 1 1
github.com/vmware/vic/lib/portlayer/network/context.go:161.5,162.17 1 1
github.com/vmware/vic/lib/portlayer/network/context.go:166.18,168.14 2 1
github.com/vmware/vic/lib/portlayer/network/context.go:173.43,175.6 1 0
github.com/vmware/vic/lib/portlayer/network/context.go:183.96,185.36 2 1
github.com/vmware/vic/lib/portlayer/network/context.go:189.2,189.34 1 1
github.com/vmware/vic/lib/portlayer/network/context.go:206.2,206.21 1 1
github.com/vmware/vic/lib/portlayer/network/context.go:219.2,219.84 1 0
github.com/vmware/vic/lib/portlayer/network/context.go:185.36,187.3 1 0
github.com/vmware/vic/lib/portlayer/network/context.go:189.34,191.40 1 1
github.com/vmware/vic/lib/portlayer/network/context.go:196.3,196.28 1 1
github.com/vmware/vic/lib/portlayer/network/context.go:202.3,202.22 1 1
github.com/vmware/vic/lib/portlayer/network/context.go:191.40,193.4 1 1
github.com/vmware/vic/lib/portlayer/network/context.go:196.28,197.48 1 1
github.com/vmware/vic/lib/portlayer/network/context.go:197.48,198.10 1 1
github.com/vmware/vic/lib/portlayer/network/context.go:206.21,208.60 2 1
github.com/vmware/vic/lib/portlayer/network/context.go:212.3,212.40 1 1
github.com/vmware/vic/lib/portlayer/network/context.go:216.3,216.22 1 1
github.com/vmware/vic/lib/portlayer/network/context.go:208.60,210.4 1 0
github.com/vmware/vic/lib/portlayer/network/context.go:212.40,214.4 1 0
github.com/vmware/vic/lib/portlayer/network/context.go:222.44,225.35 2 1
github.com/vmware/vic/lib/portlayer/network/context.go:229.2,238.15 8 1
github.com/vmware/vic/lib/portlayer/network/context.go:267.2,267.37 1 1
github.com/vmware/vic/lib/portlayer/network/context.go:308.2,310.12 2 1
github.com/vmware/vic/lib/portlayer/network/context.go:225.35,227.3 1 0
github.com/vmware/vic/lib/portlayer/network/context.go:238.15,239.49 1 1
github.com/vmware/vic/lib/portlayer/network/context.go:243.3,243.28 1 0
github.com/vmware/vic/lib/portlayer/network/context.go:263.3,263.45 1 0
github.com/vmware/vic/lib/portlayer/network/context.go:239.49,241.4 1 1
github.com/vmware/vic/lib/portlayer/network/context.go:243.28,245.28 1 0
github.com/vmware/vic/lib/portlayer/network/context.go:250.4,250.36 1 0
github.com/vmware/vic/lib/portlayer/network/context.go:255.4,255.37 1 0
github.com/vmware/vic/lib/portlayer/network/context.go:258.4,258.36 1 0
github.com/vmware/vic/lib/portlayer/network/context.go:245.28,247.5 1 0
github.com/vmware/vic/lib/portlayer/network/context.go:250.36,252.5 1 0
github.com/vmware/vic/lib/portlayer/network/context.go:255.37,257.5 1 0
github.com/vmware/vic/lib/portlayer/network/context.go:258.36,260.5 1 0
github.com/vmware/vic/lib/portlayer/network/context.go:267.37,270.17 2 1
github.com/vmware/vic/lib/portlayer/network/context.go:274.3,277.17 3 1
github.com/vmware/vic/lib/portlayer/network/context.go:283.3,285.28 3 1
github.com/vmware/vic/lib/portlayer/network/context.go:299.3,299.73 1 1
github.com/vmware/vic/lib/portlayer/network/context.go:303.3,305.20 3 1
github.com/vmware/vic/lib/portlayer/network/context.go:270.17,272.4 1 1
github.com/vmware/vic/lib/portlayer/network/context.go:277.17,279.4 1 1
github.com/vmware/vic/lib/portlayer/network/context.go:285.28,290.28 3 1
github.com/vmware/vic/lib/portlayer/network/context.go:290.28,291.25 1 1
github.com/vmware/vic/lib/portlayer/network/context.go:295.5,295.20 1 1
github.com/vmware/vic/lib/portlayer/network/context.go:291.25,292.14 1 1
github.com/vmware/vic/lib/portlayer/network/context.go:299.73,301.4 1 1
github.com/vmware/vic/lib/portlayer/network/context.go:313.184,329.26 4 1
github.com/vmware/vic/lib/portlayer/network/context.go:338.2,338.45 1 1
github.com/vmware/vic/lib/portlayer/network/context.go:342.2,342.22 1 1
github.com/vmware/vic/lib/portlayer/network/context.go:329.26,331.15 2 1
github.com/vmware/vic/lib/portlayer/network/context.go:335.3,335.69 1 1
github.com/vmware/vic/lib/portlayer/network/context.go:331.15,333.4 1 1
github.com/vmware/vic/lib/portlayer/network/context.go:338.45,340.3 1 1
github.com/vmware/vic/lib/portlayer/network/context.go:345.153,348.24 3 1
github.com/vmware/vic/lib/portlayer/network/context.go:352.2,352.36 1 1
github.com/vmware/vic/lib/portlayer/network/context.go:361.2,362.16 2 1
github.com/vmware/vic/lib/portlayer/network/context.go:367.2,367.102 1 1
github.com/vmware/vic/lib/portlayer/network/context.go:373.2,373.15 1 1
github.com/vmware/vic/lib/portlayer/network/context.go:348.24,350.3 1 0
github.com/vmware/vic/lib/portlayer/network/context.go:352.36,356.17 3 1
github.com/vmware/vic/lib/portlayer/network/context.go:356.17,358.4 1 0
github.com/vmware/vic/lib/portlayer/network/context.go:362.16,364.3 1 1
github.com/vmware/vic/lib/portlayer/network/context.go:367.102,368.71 1 0
github.com/vmware/vic/lib/portlayer/network/context.go:368.71,370.4 1 0
github.com/vmware/vic/lib/portlayer/network/context.go:376.142,379.20 2 1
github.com/vmware/vic/lib/portlayer/network/context.go:385.2,385.37 1 1
github.com/vmware/vic/lib/portlayer/network/context.go:393.2,394.15 2 1
github.com/vmware/vic/lib/portlayer/network/context.go:398.2,398.97 1 1
github.com/vmware/vic/lib/portlayer/network/context.go:379.20,380.64 1 1
github.com/vmware/vic/lib/portlayer/network/context.go:380.64,382.4 1 1
github.com/vmware/vic/lib/portlayer/network/context.go:385.37,388.61 1 1
github.com/vmware/vic/lib/portlayer/network/context.go:388.61,390.4 1 1
github.com/vmware/vic/lib/portlayer/network/context.go:394.15,396.3 1 0
github.com/vmware/vic/lib/portlayer/network/context.go:401.81,404.16 3 1
github.com/vmware/vic/lib/portlayer/network/context.go:409.2,410.16 2 1
github.com/vmware/vic/lib/portlayer/network/context.go:414.2,415.26 2 1
github.com/vmware/vic/lib/portlayer/network/context.go:404.16,406.3 1 1
github.com/vmware/vic/lib/portlayer/network/context.go:410.16,412.3 1 1
github.com/vmware/vic/lib/portlayer/network/context.go:418.60,421.33 2 1
github.com/vmware/vic/lib/portlayer/network/context.go:427.2,427.12 1 1
github.com/vmware/vic/lib/portlayer/network/context.go:421.33,422.75 1 1
github.com/vmware/vic/lib/portlayer/network/context.go:422.75,424.4 1 1
github.com/vmware/vic/lib/portlayer/network/context.go:430.88,432.21 2 1
github.com/vmware/vic/lib/portlayer/network/context.go:437.2,439.15 3 1
github.com/vmware/vic/lib/portlayer/network/context.go:453.2,453.26 1 1
github.com/vmware/vic/lib/portlayer/network/context.go:473.2,473.16 1 1
github.com/vmware/vic/lib/portlayer/network/context.go:477.2,477.23 1 1
github.com/vmware/vic/lib/portlayer/network/context.go:432.21,435.3 1 1
github.com/vmware/vic/lib/portlayer/network/context.go:439.15,440.17 1 1
github.com/vmware/vic/lib/portlayer/network/context.go:444.3,444.31 1 1
github.com/vmware/vic/lib/portlayer/network/context.go:440.17,442.4 1 1
github.com/vmware/vic/lib/portlayer/network/context.go:444.31,445.16 1 1
github.com/vmware/vic/lib/portlayer/network/context.go:448.4,448.28 1 1
github.com/vmware/vic/lib/portlayer/network/context.go:445.16,446.13 1 1
github.com/vmware/vic/lib/portlayer/network/context.go:453.26,455.23 2 1
github.com/vmware/vic/lib/portlayer/network/context.go:465.3,466.17 2 1
github.com/vmware/vic/lib/portlayer/network/context.go:470.3,470.20 1 1
github.com/vmware/vic/lib/portlayer/network/context.go:455.23,457.18 2 0
github.com/vmware/vic/lib/portlayer/network/context.go:461.4,462.12 2 0
github.com/vmware/vic/lib/portlayer/network/context.go:457.18,459.5 1 0
github.com/vmware/vic/lib/portlayer/network/context.go:466.17,468.4 1 1
github.com/vmware/vic/lib/portlayer/network/context.go:473.16,475.3 1 0
github.com/vmware/vic/lib/portlayer/network/context.go:480.154,487.16 5 1
github.com/vmware/vic/lib/portlayer/network/context.go:490.2,490.15 1 1
github.com/vmware/vic/lib/portlayer/network/context.go:497.2,497.17 1 1
github.com/vmware/vic/lib/portlayer/network/context.go:509.2,509.15 1 1
github.com/vmware/vic/lib/portlayer/network/context.go:487.16,489.3 1 1
github.com/vmware/vic/lib/portlayer/network/context.go:490.15,491.17 1 1
github.com/vmware/vic/lib/portlayer/network/context.go:491.17,493.4 1 1
github.com/vmware/vic/lib/portlayer/network/context.go:497.17,500.17 3 1
github.com/vmware/vic/lib/portlayer/network/context.go:504.3,504.83 1 1
github.com/vmware/vic/lib/portlayer/network/context.go:500.17,502.4 1 0
github.com/vmware/vic/lib/portlayer/network/context.go:504.83,506.4 1 1
github.com/vmware/vic/lib/portlayer/network/context.go:512.133,514.16 1 1
github.com/vmware/vic/lib/portlayer/network/context.go:518.2,518.20 1 1
github.com/vmware/vic/lib/portlayer/network/context.go:522.2,522.33 1 1
github.com/vmware/vic/lib/portlayer/network/context.go:526.2,528.19 3 1
github.com/vmware/vic/lib/portlayer/network/context.go:539.2,539.16 1 1
github.com/vmware/vic/lib/portlayer/network/context.go:543.2,543.15 1 1
github.com/vmware/vic/lib/portlayer/network/context.go:514.16,516.3 1 1
github.com/vmware/vic/lib/portlayer/network/context.go:518.20,520.3 1 1
github.com/vmware/vic/lib/portlayer/network/context.go:522.33,524.3 1 1
github.com/vmware/vic/lib/portlayer/network/context.go:529.2,530.74 1 1
github.com/vmware/vic/lib/portlayer/network/context.go:532.2,533.76 1 1
github.com/vmware/vic/lib/portlayer/network/context.go:535.2,536.53 1 1
github.com/vmware/vic/lib/portlayer/network/context.go:539.16,541.3 1 1
github.com/vmware/vic/lib/portlayer/network/context.go:546.64,549.36 2 1
github.com/vmware/vic/lib/portlayer/network/context.go:575.2,578.33 3 1
github.com/vmware/vic/lib/portlayer/network/context.go:583.2,583.21 1 1
github.com/vmware/vic/lib/portlayer/network/context.go:549.36,550.27 1 1
github.com/vmware/vic/lib/portlayer/network/context.go:555.3,556.9 2 1
github.com/vmware/vic/lib/portlayer/network/context.go:561.3,562.30 2 1
github.com/vmware/vic/lib/portlayer/network/context.go:568.3,568.18 1 1
github.com/vmware/vic/lib/portlayer/network/context.go:572.3,572.86 1 1
github.com/vmware/vic/lib/portlayer/network/context.go:550.27,552.4 1 1
github.com/vmware/vic/lib/portlayer/network/context.go:556.9,558.4 1 1
github.com/vmware/vic/lib/portlayer/network/context.go:562.30,563.49 1 1
github.com/vmware/vic/lib/portlayer/network/context.go:563.49,565.5 1 1
github.com/vmware/vic/lib/portlayer/network/context.go:568.18,570.4 1 1
github.com/vmware/vic/lib/portlayer/network/context.go:578.33,581.3 2 1
github.com/vmware/vic/lib/portlayer/network/context.go:586.81,593.16 5 1
github.com/vmware/vic/lib/portlayer/network/context.go:598.2,599.27 2 1
github.com/vmware/vic/lib/portlayer/network/context.go:609.2,609.31 1 1
github.com/vmware/vic/lib/portlayer/network/context.go:613.2,613.20 1 1
github.com/vmware/vic/lib/portlayer/network/context.go:593.16,595.3 1 1
github.com/vmware/vic/lib/portlayer/network/context.go:599.27,600.21 1 1
github.com/vmware/vic/lib/portlayer/network/context.go:604.3,604.36 1 1
github.com/vmware/vic/lib/portlayer/network/context.go:600.21,601.12 1 1
github.com/vmware/vic/lib/portlayer/network/context.go:604.36,606.4 1 0
github.com/vmware/vic/lib/portlayer/network/context.go:609.31,611.3 1 0
github.com/vmware/vic/lib/portlayer/network/context.go:616.41,618.2 1 1
github.com/vmware/vic/lib/portlayer/network/context.go:620.70,626.2 4 1
github.com/vmware/vic/lib/portlayer/network/context.go:628.70,630.16 2 1
github.com/vmware/vic/lib/portlayer/network/context.go:634.2,634.47 1 1
github.com/vmware/vic/lib/portlayer/network/context.go:638.2,646.43 5 1
github.com/vmware/vic/lib/portlayer/network/context.go:762.2,762.25 1 1
github.com/vmware/vic/lib/portlayer/network/context.go:770.2,770.20 1 1
github.com/vmware/vic/lib/portlayer/network/context.go:779.2,785.28 4 1
github.com/vmware/vic/lib/portlayer/network/context.go:790.2,790.23 1 1
github.com/vmware/vic/lib/portlayer/network/context.go:630.16,632.3 1 0
github.com/vmware/vic/lib/portlayer/network/context.go:634.47,636.3 1 1
github.com/vmware/vic/lib/portlayer/network/context.go:646.43,649.10 3 1
github.com/vmware/vic/lib/portlayer/network/context.go:653.3,653.16 1 1
github.com/vmware/vic/lib/portlayer/network/context.go:661.3,662.16 2 1
github.com/vmware/vic/lib/portlayer/network/context.go:674.3,676.47 3 1
github.com/vmware/vic/lib/portlayer/network/context.go:680.3,681.17 2 1
github.com/vmware/vic/lib/portlayer/network/context.go:684.3,684.24 1 1
github.com/vmware/vic/lib/portlayer/network/context.go:695.3,695.34 1 1
github.com/vmware/vic/lib/portlayer/network/context.go:701.3,706.72 4 1
github.com/vmware/vic/lib/portlayer/network/context.go:712.3,716.40 3 1
github.com/vmware/vic/lib/portlayer/network/context.go:747.3,747.35 1 1
github.com/vmware/vic/lib/portlayer/network/context.go:757.3,757.35 1 1
github.com/vmware/vic/lib/portlayer/network/context.go:649.10,651.4 1 0
github.com/vmware/vic/lib/portlayer/network/context.go:653.16,654.18 1 1
github.com/vmware/vic/lib/portlayer/network/context.go:658.4,658.26 1 1
github.com/vmware/vic/lib/portlayer/network/context.go:654.18,656.5 1 1
github.com/vmware/vic/lib/portlayer/network/context.go:662.16,664.4 1 1
github.com/vmware/vic/lib/portlayer/network/context.go:664.4,664.49 1 1
github.com/vmware/vic/lib/portlayer/network/context.go:664.49,672.4 1 0
github.com/vmware/vic/lib/portlayer/network/context.go:676.47,678.4 1 1
github.com/vmware/vic/lib/portlayer/network/context.go:681.17,683.4 1 0
github.com/vmware/vic/lib/portlayer/network/context.go:684.24,686.52 2 0
github.com/vmware/vic/lib/portlayer/network/context.go:690.4,690.41 1 0
github.com/vmware/vic/lib/portlayer/network/context.go:686.52,688.5 1 0
github.com/vmware/vic/lib/portlayer/network/context.go:690.41,692.5 1 0
github.com/vmware/vic/lib/portlayer/network/context.go:695.34,700.4 1 1
github.com/vmware/vic/lib/portlayer/network/context.go:706.72,709.4 2 0
github.com/vmware/vic/lib/portlayer/network/context.go:716.40,719.19 3 1
github.com/vmware/vic/lib/portlayer/network/context.go:724.4,725.17 2 1
github.com/vmware/vic/lib/portlayer/network/context.go:728.4,728.68 1 1
github.com/vmware/vic/lib/portlayer/network/context.go:719.19,722.5 2 1
github.com/vmware/vic/lib/portlayer/network/context.go:725.17,727.5 1 1
github.com/vmware/vic/lib/portlayer/network/context.go:728.68,732.24 2 1
github.com/vmware/vic/lib/portlayer/network/context.go:739.5,739.20 1 1
github.com/vmware/vic/lib/portlayer/network/context.go:732.24,734.6 1 1
github.com/vmware/vic/lib/portlayer/network/context.go:739.20,741.6 1 1
github.com/vmware/vic/lib/portlayer/network/context.go:747.35,748.28 1 1
github.com/vmware/vic/lib/portlayer/network/context.go:752.4,752.45 1 1
github.com/vmware/vic/lib/portlayer/network/context.go:748.28,749.13 1 1
github.com/vmware/vic/lib/portlayer/network/context.go:752.45,754.5 1 1
github.com/vmware/vic/lib/portlayer/network/context.go:762.25,763.35 1 1
github.com/vmware/vic/lib/portlayer/network/context.go:763.35,765.4 1 0
github.com/vmware/vic/lib/portlayer/network/context.go:770.20,772.44 2 1
github.com/vmware/vic/lib/portlayer/network/context.go:772.44,774.9 2 1
github.com/vmware/vic/lib/portlayer/network/context.go:785.28,788.3 2 1
github.com/vmware/vic/lib/portlayer/network/context.go:793.65,796.22 3 1
github.com/vmware/vic/lib/portlayer/network/context.go:800.2,800.46 1 1
github.com/vmware/vic/lib/portlayer/network/context.go:804.2,804.93 1 1
github.com/vmware/vic/lib/portlayer/network/context.go:796.22,798.3 1 1
github.com/vmware/vic/lib/portlayer/network/context.go:800.46,802.3 1 1
github.com/vmware/vic/lib/portlayer/network/context.go:807.72,813.16 5 1
github.com/vmware/vic/lib/portlayer/network/context.go:822.2,824.43 3 1
github.com/vmware/vic/lib/portlayer/network/context.go:866.2,866.28 1 1
github.com/vmware/vic/lib/portlayer/network/context.go:871.2,877.23 4 1
github.com/vmware/vic/lib/portlayer/network/context.go:813.16,814.47 1 0
github.com/vmware/vic/lib/portlayer/network/context.go:818.3,818.18 1 0
github.com/vmware/vic/lib/portlayer/network/context.go:814.47,816.4 1 0
github.com/vmware/vic/lib/portlayer/network/context.go:824.43,827.10 3 1
github.com/vmware/vic/lib/portlayer/network/context.go:832.3,834.47 2 1
github.com/vmware/vic/lib/portlayer/network/context.go:839.3,845.32 4 1
github.com/vmware/vic/lib/portlayer/network/context.go:852.3,852.35 1 1
github.com/vmware/vic/lib/portlayer/network/context.go:862.3,862.35 1 1
github.com/vmware/vic/lib/portlayer/network/context.go:827.10,829.4 1 0
github.com/vmware/vic/lib/portlayer/network/context.go:834.47,836.4 1 0
github.com/vmware/vic/lib/portlayer/network/context.go:845.32,846.25 1 1
github.com/vmware/vic/lib/portlayer/network/context.go:846.25,848.5 1 1
github.com/vmware/vic/lib/portlayer/network/context.go:852.35,853.28 1 1
github.com/vmware/vic/lib/portlayer/network/context.go:857.4,857.45 1 1
github.com/vmware/vic/lib/portlayer/network/context.go:853.28,854.13 1 0
github.com/vmware/vic/lib/portlayer/network/context.go:857.45,859.5 1 1
github.com/vmware/vic/lib/portlayer/network/context.go:866.28,868.3 1 1
github.com/vmware/vic/lib/portlayer/network/context.go:880.87,887.16 6 1
github.com/vmware/vic/lib/portlayer/network/context.go:891.2,891.25 1 1
github.com/vmware/vic/lib/portlayer/network/context.go:899.2,899.14 1 1
github.com/vmware/vic/lib/portlayer/network/context.go:914.2,914.53 1 1
github.com/vmware/vic/lib/portlayer/network/context.go:928.2,928.15 1 1
github.com/vmware/vic/lib/portlayer/network/context.go:938.2,938.15 1 1
github.com/vmware/vic/lib/portlayer/network/context.go:887.16,889.3 1 0
github.com/vmware/vic/lib/portlayer/network/context.go:891.25,892.93 1 1
github.com/vmware/vic/lib/portlayer/network/context.go:892.93,895.9 3 1
github.com/vmware/vic/lib/portlayer/network/context.go:899.14,901.17 2 1
github.com/vmware/vic/lib/portlayer/network/context.go:905.3,905.74 1 1
github.com/vmware/vic/lib/portlayer/network/context.go:909.3,911.4 1 1
github.com/vmware/vic/lib/portlayer/network/context.go:901.17,903.4 1 0
github.com/vmware/vic/lib/portlayer/network/context.go:905.74,907.4 1 0
github.com/vmware/vic/lib/portlayer/network/context.go:914.53,916.43 2 1
github.com/vmware/vic/lib/portlayer/network/context.go:925.3,925.36 1 1
github.com/vmware/vic/lib/portlayer/network/context.go:916.43,917.25 1 0
github.com/vmware/vic/lib/portlayer/network/context.go:917.25,919.19 2 0
github.com/vmware/vic/lib/portlayer/network/context.go:919.19,921.6 1 0
github.com/vmware/vic/lib/portlayer/network/context.go:928.15,931.17 3 1
github.com/vmware/vic/lib/portlayer/network/context.go:935.3,935.68 1 1
github.com/vmware/vic/lib/portlayer/network/context.go:931.17,933.4 1 0
github.com/vmware/vic/lib/portlayer/network/context.go:941.62,943.36 2 1
github.com/vmware/vic/lib/portlayer/network/context.go:947.2,947.23 1 1
github.com/vmware/vic/lib/portlayer/network/context.go:943.36,945.3 1 1
github.com/vmware/vic/lib/portlayer/network/context.go:952.84,957.14 4 1
github.com/vmware/vic/lib/portlayer/network/context.go:961.2,963.16 3 1
github.com/vmware/vic/lib/portlayer/network/context.go:967.2,967.34 1 1
github.com/vmware/vic/lib/portlayer/network/context.go:985.2,985.39 1 1
github.com/vmware/vic/lib/portlayer/network/context.go:994.2,995.43 2 1
github.com/vmware/vic/lib/portlayer/network/context.go:1015.2,1015.18 1 1
github.com/vmware/vic/lib/portlayer/network/context.go:1024.2,1024.34 1 1
github.com/vmware/vic/lib/portlayer/network/context.go:1028.2,1044.26 4 1
github.com/vmware/vic/lib/portlayer/network/context.go:1048.2,1049.59 2 1
github.com/vmware/vic/lib/portlayer/network/context.go:1057.2,1058.12 2 1
github.com/vmware/vic/lib/portlayer/network/context.go:957.14,959.3 1 1
github.com/vmware/vic/lib/portlayer/network/context.go:963.16,965.3 1 1
github.com/vmware/vic/lib/portlayer/network/context.go:967.34,968.51 1 1
github.com/vmware/vic/lib/portlayer/network/context.go:975.3,975.46 1 1
github.com/vmware/vic/lib/portlayer/network/context.go:968.51,971.4 1 1
github.com/vmware/vic/lib/portlayer/network/context.go:975.46,976.44 1 0
github.com/vmware/vic/lib/portlayer/network/context.go:976.44,978.49 2 0
github.com/vmware/vic/lib/portlayer/network/context.go:978.49,980.6 1 0
github.com/vmware/vic/lib/portlayer/network/context.go:985.39,987.3 1 0
github.com/vmware/vic/lib/portlayer/network/context.go:995.43,996.44 1 1
github.com/vmware/vic/lib/portlayer/network/context.go:996.44,998.18 2 1
github.com/vmware/vic/lib/portlayer/network/context.go:1002.4,1002.46 1 1
github.com/vmware/vic/lib/portlayer/network/context.go:1006.4,1006.19 1 1
github.com/vmware/vic/lib/portlayer/network/context.go:998.18,1000.5 1 0
github.com/vmware/vic/lib/portlayer/network/context.go:1002.46,1003.13 1 0
github.com/vmware/vic/lib/portlayer/network/context.go:1006.19,1008.21 2 1
github.com/vmware/vic/lib/portlayer/network/context.go:1008.21,1009.11 1 1
github.com/vmware/vic/lib/portlayer/network/context.go:1015.18,1017.17 2 1
github.com/vmware/vic/lib/portlayer/network/context.go:1021.3,1021.44 1 1
github.com/vmware/vic/lib/portlayer/network/context.go:1017.17,1019.4 1 1
github.com/vmware/vic/lib/portlayer/network/context.go:1024.34,1026.3 1 1
github.com/vmware/vic/lib/portlayer/network/context.go:1044.26,1046.3 1 1
github.com/vmware/vic/lib/portlayer/network/context.go:1049.59,1055.3 2 1
github.com/vmware/vic/lib/portlayer/network/context.go:1061.71,1066.14 4 1
github.com/vmware/vic/lib/portlayer/network/context.go:1070.2,1070.42 1 1
github.com/vmware/vic/lib/portlayer/network/context.go:1074.2,1076.16 3 1
github.com/vmware/vic/lib/portlayer/network/context.go:1080.2,1082.9 3 1
github.com/vmware/vic/lib/portlayer/network/context.go:1087.2,1088.44 2 1
github.com/vmware/vic/lib/portlayer/network/context.go:1098.2,1098.15 1 1
github.com/vmware/vic/lib/portlayer/network/context.go:1121.2,1123.12 2 1
github.com/vmware/vic/lib/portlayer/network/context.go:1066.14,1068.3 1 1
github.com/vmware/vic/lib/portlayer/network/context.go:1070.42,1072.3 1 1
github.com/vmware/vic/lib/portlayer/network/context.go:1076.16,1078.3 1 1
github.com/vmware/vic/lib/portlayer/network/context.go:1082.9,1084.3 1 1
github.com/vmware/vic/lib/portlayer/network/context.go:1088.44,1089.16 1 1
github.com/vmware/vic/lib/portlayer/network/context.go:1092.3,1092.22 1 1
github.com/vmware/vic/lib/portlayer/network/context.go:1089.16,1090.12 1 1
github.com/vmware/vic/lib/portlayer/network/context.go:1092.22,1094.9 2 1
github.com/vmware/vic/lib/portlayer/network/context.go:1098.15,1104.17 4 1
github.com/vmware/vic/lib/portlayer/network/context.go:1108.3,1109.17 2 1
github.com/vmware/vic/lib/portlayer/network/context.go:1113.3,1115.17 3 1
github.com/vmware/vic/lib/portlayer/network/context.go:1118.3,1118.61 1 1
github.com/vmware/vic/lib/portlayer/network/context.go:1104.17,1106.4 1 0
github.com/vmware/vic/lib/portlayer/network/context.go:1109.17,1111.4 1 0
github.com/vmware/vic/lib/portlayer/network/context.go:1115.17,1117.4 1 0
github.com/vmware/vic/lib/portlayer/network/context.go:1126.52,1131.38 4 1
github.com/vmware/vic/lib/portlayer/network/context.go:1135.2,1135.12 1 1
github.com/vmware/vic/lib/portlayer/network/context.go:1131.38,1133.3 1 1
github.com/vmware/vic/lib/portlayer/network/context.go:1138.58,1142.29 3 0
github.com/vmware/vic/lib/portlayer/network/context.go:1148.2,1148.12 1 0
github.com/vmware/vic/lib/portlayer/network/context.go:1142.29,1143.45 1 0
github.com/vmware/vic/lib/portlayer/network/context.go:1143.45,1145.4 1 0
github.com/vmware/vic/lib/portlayer/network/context.go:1151.50,1158.17 5 1
github.com/vmware/vic/lib/portlayer/network/context.go:1166.2,1166.43 1 1
github.com/vmware/vic/lib/portlayer/network/context.go:1170.2,1170.12 1 1
github.com/vmware/vic/lib/portlayer/network/context.go:1158.17,1160.113 2 0
github.com/vmware/vic/lib/portlayer/network/context.go:1160.113,1162.4 1 0
github.com/vmware/vic/lib/portlayer/network/context.go:1166.43,1168.3 1 1
github.com/vmware/vic/lib/portlayer/network/context.go:1173.50,1175.16 2 1
github.com/vmware/vic/lib/portlayer/network/context.go:1179.2,1179.14 1 1
github.com/vmware/vic/lib/portlayer/network/context.go:1183.2,1183.15 1 1
github.com/vmware/vic/lib/portlayer/network/context.go:1187.2,1187.29 1 1
github.com/vmware/vic/lib/portlayer/network/context.go:1191.2,1191.43 1 1
github.com/vmware/vic/lib/portlayer/network/context.go:1204.2,1205.12 2 1
github.com/vmware/vic/lib/portlayer/network/context.go:1175.16,1177.3 1 0
github.com/vmware/vic/lib/portlayer/network/context.go:1179.14,1181.3 1 1
github.com/vmware/vic/lib/portlayer/network/context.go:1183.15,1185.3 1 1
github.com/vmware/vic/lib/portlayer/network/context.go:1187.29,1189.3 1 1
github.com/vmware/vic/lib/portlayer/network/context.go:1191.43,1195.59 2 1
github.com/vmware/vic/lib/portlayer/network/context.go:1195.59,1196.79 1 0
github.com/vmware/vic/lib/portlayer/network/context.go:1200.4,1200.13 1 0
github.com/vmware/vic/lib/portlayer/network/context.go:1196.79,1198.5 1 0
github.com/vmware/vic/lib/portlayer/network/context.go:1208.33,1211.2 2 1
github.com/vmware/vic/lib/portlayer/network/container.go:34.45,41.2 5 0
github.com/vmware/vic/lib/portlayer/network/container.go:43.34,45.2 1 1
github.com/vmware/vic/lib/portlayer/network/container.go:47.35,49.2 1 1
github.com/vmware/vic/lib/portlayer/network/container.go:51.50,52.32 1 1
github.com/vmware/vic/lib/portlayer/network/container.go:58.2,58.12 1 0
github.com/vmware/vic/lib/portlayer/network/container.go:52.32,53.21 1 1
github.com/vmware/vic/lib/portlayer/network/container.go:53.21,55.4 1 1
github.com/vmware/vic/lib/portlayer/network/container.go:61.50,66.2 3 1
github.com/vmware/vic/lib/portlayer/network/container.go:68.39,74.32 5 1
github.com/vmware/vic/lib/portlayer/network/container.go:79.2,79.15 1 1
github.com/vmware/vic/lib/portlayer/network/container.go:74.32,77.3 2 1
github.com/vmware/vic/lib/portlayer/network/container.go:82.46,87.2 3 1
github.com/vmware/vic/lib/portlayer/network/container.go:89.49,94.2 3 1
github.com/vmware/vic/lib/portlayer/network/container.go:96.56,103.14 4 0
github.com/vmware/vic/lib/portlayer/network/container.go:106.2,108.32 2 0
github.com/vmware/vic/lib/portlayer/network/container.go:125.2,125.12 1 0
github.com/vmware/vic/lib/portlayer/network/container.go:103.14,105.3 1 0
github.com/vmware/vic/lib/portlayer/network/container.go:108.32,110.21 2 0
github.com/vmware/vic/lib/portlayer/network/container.go:114.3,115.16 2 0
github.com/vmware/vic/lib/portlayer/network/container.go:119.3,120.38 2 0
github.com/vmware/vic/lib/portlayer/network/container.go:110.21,111.12 1 0
github.com/vmware/vic/lib/portlayer/network/container.go:115.16,117.4 1 0
github.com/vmware/vic/lib/portlayer/network/container.go:120.38,122.4 1 0
github.com/vmware/vic/lib/portlayer/network/ipam.go:48.45,52.2 3 1
github.com/vmware/vic/lib/portlayer/network/ipam.go:54.37,55.16 1 1
github.com/vmware/vic/lib/portlayer/network/ipam.go:59.2,61.28 3 1
github.com/vmware/vic/lib/portlayer/network/ipam.go:64.2,64.39 1 1
github.com/vmware/vic/lib/portlayer/network/ipam.go:71.2,71.14 1 1
github.com/vmware/vic/lib/portlayer/network/ipam.go:55.16,57.3 1 1
github.com/vmware/vic/lib/portlayer/network/ipam.go:61.28,63.3 1 1
github.com/vmware/vic/lib/portlayer/network/ipam.go:64.39,66.19 2 1
github.com/vmware/vic/lib/portlayer/network/ipam.go:66.19,67.9 1 1
github.com/vmware/vic/lib/portlayer/network/ipam.go:74.37,75.16 1 1
github.com/vmware/vic/lib/portlayer/network/ipam.go:79.2,81.28 3 1
github.com/vmware/vic/lib/portlayer/network/ipam.go:84.2,84.39 1 1
github.com/vmware/vic/lib/portlayer/network/ipam.go:91.2,91.14 1 1
github.com/vmware/vic/lib/portlayer/network/ipam.go:75.16,77.3 1 1
github.com/vmware/vic/lib/portlayer/network/ipam.go:81.28,83.3 1 1
github.com/vmware/vic/lib/portlayer/network/ipam.go:84.39,86.23 2 1
github.com/vmware/vic/lib/portlayer/network/ipam.go:86.23,87.9 1 1
github.com/vmware/vic/lib/portlayer/network/ipam.go:94.31,98.2 3 1
github.com/vmware/vic/lib/portlayer/network/ipam.go:100.28,102.2 1 1
github.com/vmware/vic/lib/portlayer/network/ipam.go:109.43,111.2 1 1
github.com/vmware/vic/lib/portlayer/network/ipam.go:118.44,119.24 1 1
github.com/vmware/vic/lib/portlayer/network/ipam.go:123.2,125.41 3 1
github.com/vmware/vic/lib/portlayer/network/ipam.go:129.2,129.14 1 1
github.com/vmware/vic/lib/portlayer/network/ipam.go:119.24,121.3 1 1
github.com/vmware/vic/lib/portlayer/network/ipam.go:125.41,127.3 1 1
github.com/vmware/vic/lib/portlayer/network/ipam.go:133.67,141.2 3 1
github.com/vmware/vic/lib/portlayer/network/ipam.go:144.76,145.37 1 1
github.com/vmware/vic/lib/portlayer/network/ipam.go:149.2,151.68 1 1
github.com/vmware/vic/lib/portlayer/network/ipam.go:145.37,147.3 1 0
github.com/vmware/vic/lib/portlayer/network/ipam.go:154.72,156.38 2 1
github.com/vmware/vic/lib/portlayer/network/ipam.go:215.2,215.69 1 1
github.com/vmware/vic/lib/portlayer/network/ipam.go:156.38,161.42 3 1
github.com/vmware/vic/lib/portlayer/network/ipam.go:204.3,204.21 1 1
github.com/vmware/vic/lib/portlayer/network/ipam.go:161.42,164.4 1 1
github.com/vmware/vic/lib/portlayer/network/ipam.go:164.4,168.44 1 1
github.com/vmware/vic/lib/portlayer/network/ipam.go:168.44,171.30 3 1
github.com/vmware/vic/lib/portlayer/network/ipam.go:191.5,191.17 1 1
github.com/vmware/vic/lib/portlayer/network/ipam.go:195.5,196.23 2 1
github.com/vmware/vic/lib/portlayer/network/ipam.go:171.30,183.6 1 1
github.com/vmware/vic/lib/portlayer/network/ipam.go:183.6,183.36 1 1
github.com/vmware/vic/lib/portlayer/network/ipam.go:183.36,189.6 1 1
github.com/vmware/vic/lib/portlayer/network/ipam.go:191.17,192.14 1 1
github.com/vmware/vic/lib/portlayer/network/ipam.go:196.23,198.11 2 1
github.com/vmware/vic/lib/portlayer/network/ipam.go:204.21,209.41 2 1
github.com/vmware/vic/lib/portlayer/network/ipam.go:209.41,211.5 1 1
github.com/vmware/vic/lib/portlayer/network/ipam.go:220.82,222.16 2 1
github.com/vmware/vic/lib/portlayer/network/ipam.go:226.2,226.27 1 1
github.com/vmware/vic/lib/portlayer/network/ipam.go:222.16,224.3 1 1
github.com/vmware/vic/lib/portlayer/network/ipam.go:229.107,230.41 1 1
github.com/vmware/vic/lib/portlayer/network/ipam.go:233.2,233.39 1 1
github.com/vmware/vic/lib/portlayer/network/ipam.go:237.2,238.8 2 1
github.com/vmware/vic/lib/portlayer/network/ipam.go:230.41,232.3 1 1
github.com/vmware/vic/lib/portlayer/network/ipam.go:233.39,235.3 1 1
github.com/vmware/vic/lib/portlayer/network/ipam.go:245.79,246.23 1 1
github.com/vmware/vic/lib/portlayer/network/ipam.go:250.2,250.63 1 1
github.com/vmware/vic/lib/portlayer/network/ipam.go:254.2,255.16 2 1
github.com/vmware/vic/lib/portlayer/network/ipam.go:259.2,260.17 2 1
github.com/vmware/vic/lib/portlayer/network/ipam.go:246.23,248.3 1 1
github.com/vmware/vic/lib/portlayer/network/ipam.go:250.63,252.3 1 1
github.com/vmware/vic/lib/portlayer/network/ipam.go:255.16,257.3 1 1
github.com/vmware/vic/lib/portlayer/network/ipam.go:263.82,266.19 3 1
github.com/vmware/vic/lib/portlayer/network/ipam.go:270.2,270.18 1 1
github.com/vmware/vic/lib/portlayer/network/ipam.go:266.19,269.3 2 1
github.com/vmware/vic/lib/portlayer/network/ipam.go:270.18,272.3 1 1
github.com/vmware/vic/lib/portlayer/network/ipam.go:276.94,277.38 1 1
github.com/vmware/vic/lib/portlayer/network/ipam.go:290.2,290.51 1 1
github.com/vmware/vic/lib/portlayer/network/ipam.go:277.38,279.37 1 1
github.com/vmware/vic/lib/portlayer/network/ipam.go:284.3,287.23 4 1
github.com/vmware/vic/lib/portlayer/network/ipam.go:279.37,280.12 1 1
github.com/vmware/vic/lib/portlayer/network/ipam.go:293.85,294.21 1 1
github.com/vmware/vic/lib/portlayer/network/ipam.go:298.2,298.35 1 1
github.com/vmware/vic/lib/portlayer/network/ipam.go:302.2,303.35 2 1
github.com/vmware/vic/lib/portlayer/network/ipam.go:307.2,307.10 1 1
github.com/vmware/vic/lib/portlayer/network/ipam.go:294.21,296.3 1 1
github.com/vmware/vic/lib/portlayer/network/ipam.go:298.35,300.3 1 1
github.com/vmware/vic/lib/portlayer/network/ipam.go:303.35,305.3 1 1
github.com/vmware/vic/lib/portlayer/network/ipam.go:311.57,313.16 2 1
github.com/vmware/vic/lib/portlayer/network/ipam.go:317.2,317.46 1 1
github.com/vmware/vic/lib/portlayer/network/ipam.go:313.16,315.3 1 1
github.com/vmware/vic/lib/portlayer/network/ipam.go:321.52,324.2 2 1
github.com/vmware/vic/lib/portlayer/network/ipam.go:328.67,330.53 1 1
github.com/vmware/vic/lib/portlayer/network/ipam.go:334.2,334.23 1 1
github.com/vmware/vic/lib/portlayer/network/ipam.go:339.2,339.36 1 1
github.com/vmware/vic/lib/portlayer/network/ipam.go:343.2,345.37 3 1
github.com/vmware/vic/lib/portlayer/network/ipam.go:349.2,350.40 2 1
github.com/vmware/vic/lib/portlayer/network/ipam.go:362.2,362.42 1 1
github.com/vmware/vic/lib/portlayer/network/ipam.go:368.2,370.12 3 1
github.com/vmware/vic/lib/portlayer/network/ipam.go:330.53,332.3 1 1
github.com/vmware/vic/lib/portlayer/network/ipam.go:334.23,336.3 1 0
github.com/vmware/vic/lib/portlayer/network/ipam.go:339.36,341.3 1 1
github.com/vmware/vic/lib/portlayer/network/ipam.go:345.37,347.3 1 0
github.com/vmware/vic/lib/portlayer/network/ipam.go:350.40,351.59 1 1
github.com/vmware/vic/lib/portlayer/network/ipam.go:351.59,352.14 1 1
github.com/vmware/vic/lib/portlayer/network/ipam.go:356.4,356.71 1 1
github.com/vmware/vic/lib/portlayer/network/ipam.go:352.14,353.10 1 1
github.com/vmware/vic/lib/portlayer/network/ipam.go:356.71,357.10 1 1
github.com/vmware/vic/lib/portlayer/network/ipam.go:362.42,363.62 1 1
github.com/vmware/vic/lib/portlayer/network/ipam.go:363.62,365.4 1 1
github.com/vmware/vic/lib/portlayer/network/ipam.go:374.52,378.2 3 1
github.com/vmware/vic/lib/portlayer/network/ipam.go:380.43,381.42 1 1
github.com/vmware/vic/lib/portlayer/network/ipam.go:392.2,392.12 1 1
github.com/vmware/vic/lib/portlayer/network/ipam.go:381.42,384.55 3 1
github.com/vmware/vic/lib/portlayer/network/ipam.go:384.55,387.4 2 1
github.com/vmware/vic/lib/portlayer/network/ipam.go:387.4,389.4 1 1
github.com/vmware/vic/lib/portlayer/network/ipam.go:396.56,397.58 1 1
github.com/vmware/vic/lib/portlayer/network/ipam.go:401.2,401.46 1 1
github.com/vmware/vic/lib/portlayer/network/ipam.go:408.2,408.13 1 1
github.com/vmware/vic/lib/portlayer/network/ipam.go:397.58,399.3 1 0
github.com/vmware/vic/lib/portlayer/network/ipam.go:401.46,403.82 1 1
github.com/vmware/vic/lib/portlayer/network/ipam.go:403.82,405.4 1 0
github.com/vmware/vic/lib/portlayer/network/link_linux.go:26.35,29.2 2 0
github.com/vmware/vic/lib/portlayer/network/link_linux.go:31.44,33.16 2 0
github.com/vmware/vic/lib/portlayer/network/link_linux.go:37.2,37.24 1 0
github.com/vmware/vic/lib/portlayer/network/link_linux.go:33.16,35.3 1 0
github.com/vmware/vic/lib/portlayer/network/link_linux.go:40.46,42.16 2 0
github.com/vmware/vic/lib/portlayer/network/link_linux.go:46.2,46.24 1 0
github.com/vmware/vic/lib/portlayer/network/link_linux.go:42.16,44.3 1 0
github.com/vmware/vic/lib/portlayer/network/link_linux.go:49.46,51.2 1 0
github.com/vmware/vic/lib/portlayer/network/link_linux.go:53.46,55.2 1 0
github.com/vmware/vic/lib/portlayer/network/link_linux.go:57.35,59.2 1 0
github.com/vmware/vic/lib/portlayer/network/port.go:28.40,29.42 1 1
github.com/vmware/vic/lib/portlayer/network/port.go:32.2,33.17 2 1
github.com/vmware/vic/lib/portlayer/network/port.go:37.2,37.21 1 1
github.com/vmware/vic/lib/portlayer/network/port.go:29.42,31.3 1 0
github.com/vmware/vic/lib/portlayer/network/port.go:33.17,35.3 1 0
github.com/vmware/vic/lib/portlayer/network/port.go:40.30,43.2 2 1
github.com/vmware/vic/lib/portlayer/network/port.go:45.38,47.16 2 1
github.com/vmware/vic/lib/portlayer/network/port.go:51.2,52.16 2 1
github.com/vmware/vic/lib/portlayer/network/port.go:56.2,56.26 1 1
github.com/vmware/vic/lib/portlayer/network/port.go:47.16,49.3 1 0
github.com/vmware/vic/lib/portlayer/network/port.go:52.16,54.3 1 0
github.com/vmware/vic/lib/portlayer/network/port.go:59.31,61.2 1 0
github.com/vmware/vic/lib/portlayer/network/config.go:40.34,42.2 1 0
github.com/vmware/vic/lib/portlayer/network/config.go:44.34,46.2 1 0
